#
# There is insufficient memory for the Java Runtime Environment to continue.
# Native memory allocation (mmap) failed to map 65536 bytes for Failed to commit metaspace.
# Possible reasons:
#   The system is out of physical RAM or swap space
#   The process is running with CompressedOops enabled, and the Java Heap may be blocking the growth of the native heap
# Possible solutions:
#   Reduce memory load on the system
#   Increase physical memory or swap space
#   Check if swap backing store is full
#   Decrease Java heap size (-Xmx/-Xms)
#   Decrease number of Java threads
#   Decrease Java thread stack sizes (-Xss)
#   Set larger code cache with -XX:ReservedCodeCacheSize=
#   JVM is running with Unscaled Compressed Oops mode in which the Java heap is
#     placed in the first 4GB address space. The Java Heap base address is the
#     maximum limit for the native heap growth. Please use -XX:HeapBaseMinAddress
#     to set the Java Heap base and to place the Java Heap above 4GB virtual address.
# This output file may be truncated or incomplete.
#
#  Out of Memory Error (virtualSpaceNode.cpp:110), pid=6888, tid=11780
#
# JRE version: Java(TM) SE Runtime Environment (19.0.2+7) (build 19.0.2+7-44)
# Java VM: Java HotSpot(TM) 64-Bit Server VM (19.0.2+7-44, mixed mode, sharing, tiered, compressed oops, compressed class ptrs, g1 gc, windows-amd64)
# No core dump will be written. Minidumps are not enabled by default on client versions of Windows
#

---------------  S U M M A R Y ------------

Command Line: -Dfile.encoding=UTF-8 --module-path=D:\Documents\NetBeansProjects\finalExam\build\classes posFinals

Host: 11th Gen Intel(R) Core(TM) i5-11400 @ 2.60GHz, 12 cores, 7G,  Windows 10 , 64 bit Build 19041 (10.0.19041.2913)
Time: Tue May 16 01:02:52 2023 China Standard Time elapsed time: 2.007257 seconds (0d 0h 0m 2s)

---------------  T H R E A D  ---------------

Current thread (0x000002886166cd30):  JavaThread "C1 CompilerThread0" daemon [_thread_in_vm, id=11780, stack(0x000000fc24400000,0x000000fc24500000)]


Current CompileTask:
C1:   2007 1587       3       sun.java2d.pipe.AlphaPaintPipe::renderPathTile (491 bytes)

Stack: [0x000000fc24400000,0x000000fc24500000]
Native frames: (J=compiled Java code, j=interpreted, Vv=VM code, C=native code)
V  [jvm.dll+0x6ee21a]
V  [jvm.dll+0x85765e]
V  [jvm.dll+0x85904e]
V  [jvm.dll+0x859703]
V  [jvm.dll+0x28298f]
V  [jvm.dll+0x8532db]
V  [jvm.dll+0x692cb6]
V  [jvm.dll+0x1f2937]
V  [jvm.dll+0x6956f2]
V  [jvm.dll+0x6954de]
V  [jvm.dll+0x6936de]
V  [jvm.dll+0x6a4f0a]
V  [jvm.dll+0x69df0a]
V  [jvm.dll+0x2002b0]
V  [jvm.dll+0x200498]
V  [jvm.dll+0x173571]
V  [jvm.dll+0x1733b5]
V  [jvm.dll+0x16ade5]
V  [jvm.dll+0x16d067]
V  [jvm.dll+0x16b675]
V  [jvm.dll+0x165590]
V  [jvm.dll+0x174ff6]
V  [jvm.dll+0x160bb0]
V  [jvm.dll+0x160f23]
V  [jvm.dll+0x161208]
V  [jvm.dll+0x160666]
V  [jvm.dll+0x16235d]
V  [jvm.dll+0x25b25a]
V  [jvm.dll+0x2596e8]
V  [jvm.dll+0x807588]
V  [jvm.dll+0x80125a]
V  [jvm.dll+0x6ecf0b]
C  [ucrtbase.dll+0x21bb2]
C  [KERNEL32.DLL+0x17614]
C  [ntdll.dll+0x526a1]


---------------  P R O C E S S  ---------------

Threads class SMR info:
_java_thread_list=0x0000028866b60f70, length=18, elements={
0x000002886165c490, 0x000002886165d280, 0x000002886165e680, 0x0000028861663130,
0x0000028861663a60, 0x0000028861664fc0, 0x0000028861666e50, 0x000002886166cd30,
0x0000028861672480, 0x00000288658a28c0, 0x0000028865989ff0, 0x00000288659f31c0,
0x00000288659f4130, 0x00000288659f5ac0, 0x0000028865be50b0, 0x0000028842b37620,
0x0000028866a3cff0, 0x0000028866b62280
}

Java Threads: ( => current thread )
  0x000002886165c490 JavaThread "Reference Handler" daemon [_thread_blocked, id=10200, stack(0x000000fc23d00000,0x000000fc23e00000)]
  0x000002886165d280 JavaThread "Finalizer" daemon [_thread_blocked, id=2368, stack(0x000000fc23e00000,0x000000fc23f00000)]
  0x000002886165e680 JavaThread "Signal Dispatcher" daemon [_thread_blocked, id=11180, stack(0x000000fc23f00000,0x000000fc24000000)]
  0x0000028861663130 JavaThread "Attach Listener" daemon [_thread_blocked, id=2456, stack(0x000000fc24000000,0x000000fc24100000)]
  0x0000028861663a60 JavaThread "Service Thread" daemon [_thread_blocked, id=6324, stack(0x000000fc24100000,0x000000fc24200000)]
  0x0000028861664fc0 JavaThread "Monitor Deflation Thread" daemon [_thread_blocked, id=5584, stack(0x000000fc24200000,0x000000fc24300000)]
  0x0000028861666e50 JavaThread "C2 CompilerThread0" daemon [_thread_blocked, id=2248, stack(0x000000fc24300000,0x000000fc24400000)]
=>0x000002886166cd30 JavaThread "C1 CompilerThread0" daemon [_thread_in_vm, id=11780, stack(0x000000fc24400000,0x000000fc24500000)]
  0x0000028861672480 JavaThread "Sweeper thread" daemon [_thread_blocked, id=784, stack(0x000000fc24500000,0x000000fc24600000)]
  0x00000288658a28c0 JavaThread "Common-Cleaner" daemon [_thread_blocked, id=7740, stack(0x000000fc24600000,0x000000fc24700000)]
  0x0000028865989ff0 JavaThread "Notification Thread" daemon [_thread_blocked, id=9728, stack(0x000000fc24700000,0x000000fc24800000)]
  0x00000288659f31c0 JavaThread "Java2D Disposer" daemon [_thread_blocked, id=8748, stack(0x000000fc24900000,0x000000fc24a00000)]
  0x00000288659f4130 JavaThread "AWT-Shutdown" [_thread_blocked, id=6744, stack(0x000000fc24a00000,0x000000fc24b00000)]
  0x00000288659f5ac0 JavaThread "AWT-Windows" daemon [_thread_in_native, id=8640, stack(0x000000fc24b00000,0x000000fc24c00000)]
  0x0000028865be50b0 JavaThread "AWT-EventQueue-0" [_thread_blocked, id=6400, stack(0x000000fc24c00000,0x000000fc24d00000)]
  0x0000028842b37620 JavaThread "DestroyJavaVM" [_thread_blocked, id=9820, stack(0x000000fc23600000,0x000000fc23700000)]
  0x0000028866a3cff0 JavaThread "TimerQueue" daemon [_thread_blocked, id=11792, stack(0x000000fc24d00000,0x000000fc24e00000)]
  0x0000028866b62280 JavaThread "Thread-0" [_thread_blocked, id=12088, stack(0x000000fc25100000,0x000000fc25200000)]

Other Threads:
  0x0000028861640ab0 VMThread "VM Thread" [stack: 0x000000fc23c00000,0x000000fc23d00000] [id=11448]
  0x000002886598a530 WatcherThread "VM Periodic Task Thread" [stack: 0x000000fc24800000,0x000000fc24900000] [id=1244]
  0x0000028842b95c30 WorkerThread "GC Thread#0" [stack: 0x000000fc23700000,0x000000fc23800000] [id=5528]
  0x0000028842ba8920 ConcurrentGCThread "G1 Main Marker" [stack: 0x000000fc23800000,0x000000fc23900000] [id=10908]
  0x0000028842baaa10 WorkerThread "G1 Conc#0" [stack: 0x000000fc23900000,0x000000fc23a00000] [id=1336]
  0x00000288614f84f0 ConcurrentGCThread "G1 Refine#0" [stack: 0x000000fc23a00000,0x000000fc23b00000] [id=8768]
  0x00000288614f8f40 ConcurrentGCThread "G1 Service" [stack: 0x000000fc23b00000,0x000000fc23c00000] [id=8588]

Threads with active compile tasks:
C1 CompilerThread0     2016 1587       3       sun.java2d.pipe.AlphaPaintPipe::renderPathTile (491 bytes)

VM state: not at safepoint (normal execution)

VM Mutex/Monitor currently owned by a thread:  ([mutex/lock_event])
[0x000002884093c1a0] Metaspace_lock - owner thread: 0x000002886166cd30
[0x0000028842b32580] MethodData_lock - owner thread: 0x000002886166cd30

Heap address: 0x0000000083a00000, size: 1990 MB, Compressed Oops mode: 32-bit

CDS archive(s) mapped at: [0x0000000800000000-0x0000000800c40000-0x0000000800c40000), size 12845056, SharedBaseAddress: 0x0000000800000000, ArchiveRelocationMode: 0.
Compressed class space mapped at: 0x0000000801000000-0x0000000841000000, reserved size: 1073741824
Narrow klass base: 0x0000000800000000, Narrow klass shift: 0, Narrow klass range: 0x100000000

GC Precious Log:
 CardTable entry size: 512
 Card Set container configuration: InlinePtr #cards 5 size 8 Array Of Cards #cards 12 size 40 Howl #buckets 4 coarsen threshold 1843 Howl Bitmap #cards 512 size 80 coarsen threshold 460 Card regions per heap region 1 cards per card region 2048
 CPUs: 12 total, 12 available
 Memory: 7957M
 Large Page Support: Disabled
 NUMA Support: Disabled
 Compressed Oops: Enabled (32-bit)
 Heap Region Size: 1M
 Heap Min Capacity: 8M
 Heap Initial Capacity: 126M
 Heap Max Capacity: 1990M
 Pre-touch: Disabled
 Parallel Workers: 10
 Concurrent Workers: 3
 Concurrent Refinement Workers: 10
 Periodic GC: Disabled

Heap:
 garbage-first heap   total 129024K, used 15360K [0x0000000083a00000, 0x0000000100000000)
  region size 1024K, 13 young (13312K), 0 survivors (0K)
 Metaspace       used 11384K, committed 11584K, reserved 1114112K
  class space    used 1293K, committed 1408K, reserved 1048576K

Heap Regions: E=young(eden), S=young(survivor), O=old, HS=humongous(starts), HC=humongous(continues), CS=collection set, F=free, OA=open archive, CA=closed archive, TAMS=top-at-mark-start (previous, next)
|   0|0x0000000083a00000, 0x0000000083b00000, 0x0000000083b00000|100%|HS|  |TAMS 0x0000000083a00000, 0x0000000083a00000| Complete 
|   1|0x0000000083b00000, 0x0000000083c00000, 0x0000000083c00000|100%|HC|  |TAMS 0x0000000083b00000, 0x0000000083b00000| Complete 
|   2|0x0000000083c00000, 0x0000000083d00000, 0x0000000083d00000|100%|HC|  |TAMS 0x0000000083c00000, 0x0000000083c00000| Complete 
|   3|0x0000000083d00000, 0x0000000083d00000, 0x0000000083e00000|  0%| F|  |TAMS 0x0000000083d00000, 0x0000000083d00000| Untracked 
|   4|0x0000000083e00000, 0x0000000083e00000, 0x0000000083f00000|  0%| F|  |TAMS 0x0000000083e00000, 0x0000000083e00000| Untracked 
|   5|0x0000000083f00000, 0x0000000083f00000, 0x0000000084000000|  0%| F|  |TAMS 0x0000000083f00000, 0x0000000083f00000| Untracked 
|   6|0x0000000084000000, 0x0000000084000000, 0x0000000084100000|  0%| F|  |TAMS 0x0000000084000000, 0x0000000084000000| Untracked 
|   7|0x0000000084100000, 0x0000000084100000, 0x0000000084200000|  0%| F|  |TAMS 0x0000000084100000, 0x0000000084100000| Untracked 
|   8|0x0000000084200000, 0x0000000084200000, 0x0000000084300000|  0%| F|  |TAMS 0x0000000084200000, 0x0000000084200000| Untracked 
|   9|0x0000000084300000, 0x0000000084300000, 0x0000000084400000|  0%| F|  |TAMS 0x0000000084300000, 0x0000000084300000| Untracked 
|  10|0x0000000084400000, 0x0000000084400000, 0x0000000084500000|  0%| F|  |TAMS 0x0000000084400000, 0x0000000084400000| Untracked 
|  11|0x0000000084500000, 0x0000000084500000, 0x0000000084600000|  0%| F|  |TAMS 0x0000000084500000, 0x0000000084500000| Untracked 
|  12|0x0000000084600000, 0x0000000084600000, 0x0000000084700000|  0%| F|  |TAMS 0x0000000084600000, 0x0000000084600000| Untracked 
|  13|0x0000000084700000, 0x0000000084700000, 0x0000000084800000|  0%| F|  |TAMS 0x0000000084700000, 0x0000000084700000| Untracked 
|  14|0x0000000084800000, 0x0000000084800000, 0x0000000084900000|  0%| F|  |TAMS 0x0000000084800000, 0x0000000084800000| Untracked 
|  15|0x0000000084900000, 0x0000000084900000, 0x0000000084a00000|  0%| F|  |TAMS 0x0000000084900000, 0x0000000084900000| Untracked 
|  16|0x0000000084a00000, 0x0000000084a00000, 0x0000000084b00000|  0%| F|  |TAMS 0x0000000084a00000, 0x0000000084a00000| Untracked 
|  17|0x0000000084b00000, 0x0000000084b00000, 0x0000000084c00000|  0%| F|  |TAMS 0x0000000084b00000, 0x0000000084b00000| Untracked 
|  18|0x0000000084c00000, 0x0000000084c00000, 0x0000000084d00000|  0%| F|  |TAMS 0x0000000084c00000, 0x0000000084c00000| Untracked 
|  19|0x0000000084d00000, 0x0000000084d00000, 0x0000000084e00000|  0%| F|  |TAMS 0x0000000084d00000, 0x0000000084d00000| Untracked 
|  20|0x0000000084e00000, 0x0000000084e00000, 0x0000000084f00000|  0%| F|  |TAMS 0x0000000084e00000, 0x0000000084e00000| Untracked 
|  21|0x0000000084f00000, 0x0000000084f00000, 0x0000000085000000|  0%| F|  |TAMS 0x0000000084f00000, 0x0000000084f00000| Untracked 
|  22|0x0000000085000000, 0x0000000085000000, 0x0000000085100000|  0%| F|  |TAMS 0x0000000085000000, 0x0000000085000000| Untracked 
|  23|0x0000000085100000, 0x0000000085100000, 0x0000000085200000|  0%| F|  |TAMS 0x0000000085100000, 0x0000000085100000| Untracked 
|  24|0x0000000085200000, 0x0000000085200000, 0x0000000085300000|  0%| F|  |TAMS 0x0000000085200000, 0x0000000085200000| Untracked 
|  25|0x0000000085300000, 0x0000000085300000, 0x0000000085400000|  0%| F|  |TAMS 0x0000000085300000, 0x0000000085300000| Untracked 
|  26|0x0000000085400000, 0x0000000085400000, 0x0000000085500000|  0%| F|  |TAMS 0x0000000085400000, 0x0000000085400000| Untracked 
|  27|0x0000000085500000, 0x0000000085500000, 0x0000000085600000|  0%| F|  |TAMS 0x0000000085500000, 0x0000000085500000| Untracked 
|  28|0x0000000085600000, 0x0000000085600000, 0x0000000085700000|  0%| F|  |TAMS 0x0000000085600000, 0x0000000085600000| Untracked 
|  29|0x0000000085700000, 0x0000000085700000, 0x0000000085800000|  0%| F|  |TAMS 0x0000000085700000, 0x0000000085700000| Untracked 
|  30|0x0000000085800000, 0x0000000085800000, 0x0000000085900000|  0%| F|  |TAMS 0x0000000085800000, 0x0000000085800000| Untracked 
|  31|0x0000000085900000, 0x0000000085900000, 0x0000000085a00000|  0%| F|  |TAMS 0x0000000085900000, 0x0000000085900000| Untracked 
|  32|0x0000000085a00000, 0x0000000085a00000, 0x0000000085b00000|  0%| F|  |TAMS 0x0000000085a00000, 0x0000000085a00000| Untracked 
|  33|0x0000000085b00000, 0x0000000085b00000, 0x0000000085c00000|  0%| F|  |TAMS 0x0000000085b00000, 0x0000000085b00000| Untracked 
|  34|0x0000000085c00000, 0x0000000085c00000, 0x0000000085d00000|  0%| F|  |TAMS 0x0000000085c00000, 0x0000000085c00000| Untracked 
|  35|0x0000000085d00000, 0x0000000085d00000, 0x0000000085e00000|  0%| F|  |TAMS 0x0000000085d00000, 0x0000000085d00000| Untracked 
|  36|0x0000000085e00000, 0x0000000085e00000, 0x0000000085f00000|  0%| F|  |TAMS 0x0000000085e00000, 0x0000000085e00000| Untracked 
|  37|0x0000000085f00000, 0x0000000085f00000, 0x0000000086000000|  0%| F|  |TAMS 0x0000000085f00000, 0x0000000085f00000| Untracked 
|  38|0x0000000086000000, 0x0000000086000000, 0x0000000086100000|  0%| F|  |TAMS 0x0000000086000000, 0x0000000086000000| Untracked 
|  39|0x0000000086100000, 0x0000000086100000, 0x0000000086200000|  0%| F|  |TAMS 0x0000000086100000, 0x0000000086100000| Untracked 
|  40|0x0000000086200000, 0x0000000086200000, 0x0000000086300000|  0%| F|  |TAMS 0x0000000086200000, 0x0000000086200000| Untracked 
|  41|0x0000000086300000, 0x0000000086300000, 0x0000000086400000|  0%| F|  |TAMS 0x0000000086300000, 0x0000000086300000| Untracked 
|  42|0x0000000086400000, 0x0000000086400000, 0x0000000086500000|  0%| F|  |TAMS 0x0000000086400000, 0x0000000086400000| Untracked 
|  43|0x0000000086500000, 0x0000000086500000, 0x0000000086600000|  0%| F|  |TAMS 0x0000000086500000, 0x0000000086500000| Untracked 
|  44|0x0000000086600000, 0x0000000086600000, 0x0000000086700000|  0%| F|  |TAMS 0x0000000086600000, 0x0000000086600000| Untracked 
|  45|0x0000000086700000, 0x0000000086700000, 0x0000000086800000|  0%| F|  |TAMS 0x0000000086700000, 0x0000000086700000| Untracked 
|  46|0x0000000086800000, 0x0000000086800000, 0x0000000086900000|  0%| F|  |TAMS 0x0000000086800000, 0x0000000086800000| Untracked 
|  47|0x0000000086900000, 0x0000000086900000, 0x0000000086a00000|  0%| F|  |TAMS 0x0000000086900000, 0x0000000086900000| Untracked 
|  48|0x0000000086a00000, 0x0000000086a00000, 0x0000000086b00000|  0%| F|  |TAMS 0x0000000086a00000, 0x0000000086a00000| Untracked 
|  49|0x0000000086b00000, 0x0000000086b00000, 0x0000000086c00000|  0%| F|  |TAMS 0x0000000086b00000, 0x0000000086b00000| Untracked 
|  50|0x0000000086c00000, 0x0000000086c00000, 0x0000000086d00000|  0%| F|  |TAMS 0x0000000086c00000, 0x0000000086c00000| Untracked 
|  51|0x0000000086d00000, 0x0000000086d00000, 0x0000000086e00000|  0%| F|  |TAMS 0x0000000086d00000, 0x0000000086d00000| Untracked 
|  52|0x0000000086e00000, 0x0000000086e00000, 0x0000000086f00000|  0%| F|  |TAMS 0x0000000086e00000, 0x0000000086e00000| Untracked 
|  53|0x0000000086f00000, 0x0000000086f00000, 0x0000000087000000|  0%| F|  |TAMS 0x0000000086f00000, 0x0000000086f00000| Untracked 
|  54|0x0000000087000000, 0x0000000087000000, 0x0000000087100000|  0%| F|  |TAMS 0x0000000087000000, 0x0000000087000000| Untracked 
|  55|0x0000000087100000, 0x0000000087100000, 0x0000000087200000|  0%| F|  |TAMS 0x0000000087100000, 0x0000000087100000| Untracked 
|  56|0x0000000087200000, 0x0000000087200000, 0x0000000087300000|  0%| F|  |TAMS 0x0000000087200000, 0x0000000087200000| Untracked 
|  57|0x0000000087300000, 0x0000000087300000, 0x0000000087400000|  0%| F|  |TAMS 0x0000000087300000, 0x0000000087300000| Untracked 
|  58|0x0000000087400000, 0x0000000087400000, 0x0000000087500000|  0%| F|  |TAMS 0x0000000087400000, 0x0000000087400000| Untracked 
|  59|0x0000000087500000, 0x0000000087500000, 0x0000000087600000|  0%| F|  |TAMS 0x0000000087500000, 0x0000000087500000| Untracked 
|  60|0x0000000087600000, 0x0000000087600000, 0x0000000087700000|  0%| F|  |TAMS 0x0000000087600000, 0x0000000087600000| Untracked 
|  61|0x0000000087700000, 0x0000000087700000, 0x0000000087800000|  0%| F|  |TAMS 0x0000000087700000, 0x0000000087700000| Untracked 
|  62|0x0000000087800000, 0x0000000087800000, 0x0000000087900000|  0%| F|  |TAMS 0x0000000087800000, 0x0000000087800000| Untracked 
|  63|0x0000000087900000, 0x0000000087900000, 0x0000000087a00000|  0%| F|  |TAMS 0x0000000087900000, 0x0000000087900000| Untracked 
|  64|0x0000000087a00000, 0x0000000087a00000, 0x0000000087b00000|  0%| F|  |TAMS 0x0000000087a00000, 0x0000000087a00000| Untracked 
|  65|0x0000000087b00000, 0x0000000087b00000, 0x0000000087c00000|  0%| F|  |TAMS 0x0000000087b00000, 0x0000000087b00000| Untracked 
|  66|0x0000000087c00000, 0x0000000087c00000, 0x0000000087d00000|  0%| F|  |TAMS 0x0000000087c00000, 0x0000000087c00000| Untracked 
|  67|0x0000000087d00000, 0x0000000087d00000, 0x0000000087e00000|  0%| F|  |TAMS 0x0000000087d00000, 0x0000000087d00000| Untracked 
|  68|0x0000000087e00000, 0x0000000087e00000, 0x0000000087f00000|  0%| F|  |TAMS 0x0000000087e00000, 0x0000000087e00000| Untracked 
|  69|0x0000000087f00000, 0x0000000087f00000, 0x0000000088000000|  0%| F|  |TAMS 0x0000000087f00000, 0x0000000087f00000| Untracked 
|  70|0x0000000088000000, 0x0000000088000000, 0x0000000088100000|  0%| F|  |TAMS 0x0000000088000000, 0x0000000088000000| Untracked 
|  71|0x0000000088100000, 0x0000000088100000, 0x0000000088200000|  0%| F|  |TAMS 0x0000000088100000, 0x0000000088100000| Untracked 
|  72|0x0000000088200000, 0x0000000088200000, 0x0000000088300000|  0%| F|  |TAMS 0x0000000088200000, 0x0000000088200000| Untracked 
|  73|0x0000000088300000, 0x0000000088300000, 0x0000000088400000|  0%| F|  |TAMS 0x0000000088300000, 0x0000000088300000| Untracked 
|  74|0x0000000088400000, 0x0000000088400000, 0x0000000088500000|  0%| F|  |TAMS 0x0000000088400000, 0x0000000088400000| Untracked 
|  75|0x0000000088500000, 0x0000000088500000, 0x0000000088600000|  0%| F|  |TAMS 0x0000000088500000, 0x0000000088500000| Untracked 
|  76|0x0000000088600000, 0x0000000088600000, 0x0000000088700000|  0%| F|  |TAMS 0x0000000088600000, 0x0000000088600000| Untracked 
|  77|0x0000000088700000, 0x0000000088700000, 0x0000000088800000|  0%| F|  |TAMS 0x0000000088700000, 0x0000000088700000| Untracked 
|  78|0x0000000088800000, 0x0000000088800000, 0x0000000088900000|  0%| F|  |TAMS 0x0000000088800000, 0x0000000088800000| Untracked 
|  79|0x0000000088900000, 0x0000000088900000, 0x0000000088a00000|  0%| F|  |TAMS 0x0000000088900000, 0x0000000088900000| Untracked 
|  80|0x0000000088a00000, 0x0000000088a00000, 0x0000000088b00000|  0%| F|  |TAMS 0x0000000088a00000, 0x0000000088a00000| Untracked 
|  81|0x0000000088b00000, 0x0000000088b00000, 0x0000000088c00000|  0%| F|  |TAMS 0x0000000088b00000, 0x0000000088b00000| Untracked 
|  82|0x0000000088c00000, 0x0000000088c00000, 0x0000000088d00000|  0%| F|  |TAMS 0x0000000088c00000, 0x0000000088c00000| Untracked 
|  83|0x0000000088d00000, 0x0000000088d00000, 0x0000000088e00000|  0%| F|  |TAMS 0x0000000088d00000, 0x0000000088d00000| Untracked 
|  84|0x0000000088e00000, 0x0000000088e00000, 0x0000000088f00000|  0%| F|  |TAMS 0x0000000088e00000, 0x0000000088e00000| Untracked 
|  85|0x0000000088f00000, 0x0000000088f00000, 0x0000000089000000|  0%| F|  |TAMS 0x0000000088f00000, 0x0000000088f00000| Untracked 
|  86|0x0000000089000000, 0x0000000089000000, 0x0000000089100000|  0%| F|  |TAMS 0x0000000089000000, 0x0000000089000000| Untracked 
|  87|0x0000000089100000, 0x0000000089100000, 0x0000000089200000|  0%| F|  |TAMS 0x0000000089100000, 0x0000000089100000| Untracked 
|  88|0x0000000089200000, 0x0000000089200000, 0x0000000089300000|  0%| F|  |TAMS 0x0000000089200000, 0x0000000089200000| Untracked 
|  89|0x0000000089300000, 0x0000000089300000, 0x0000000089400000|  0%| F|  |TAMS 0x0000000089300000, 0x0000000089300000| Untracked 
|  90|0x0000000089400000, 0x0000000089400000, 0x0000000089500000|  0%| F|  |TAMS 0x0000000089400000, 0x0000000089400000| Untracked 
|  91|0x0000000089500000, 0x0000000089500000, 0x0000000089600000|  0%| F|  |TAMS 0x0000000089500000, 0x0000000089500000| Untracked 
|  92|0x0000000089600000, 0x0000000089600000, 0x0000000089700000|  0%| F|  |TAMS 0x0000000089600000, 0x0000000089600000| Untracked 
|  93|0x0000000089700000, 0x0000000089700000, 0x0000000089800000|  0%| F|  |TAMS 0x0000000089700000, 0x0000000089700000| Untracked 
|  94|0x0000000089800000, 0x0000000089800000, 0x0000000089900000|  0%| F|  |TAMS 0x0000000089800000, 0x0000000089800000| Untracked 
|  95|0x0000000089900000, 0x0000000089900000, 0x0000000089a00000|  0%| F|  |TAMS 0x0000000089900000, 0x0000000089900000| Untracked 
|  96|0x0000000089a00000, 0x0000000089a00000, 0x0000000089b00000|  0%| F|  |TAMS 0x0000000089a00000, 0x0000000089a00000| Untracked 
|  97|0x0000000089b00000, 0x0000000089b00000, 0x0000000089c00000|  0%| F|  |TAMS 0x0000000089b00000, 0x0000000089b00000| Untracked 
|  98|0x0000000089c00000, 0x0000000089c00000, 0x0000000089d00000|  0%| F|  |TAMS 0x0000000089c00000, 0x0000000089c00000| Untracked 
|  99|0x0000000089d00000, 0x0000000089d00000, 0x0000000089e00000|  0%| F|  |TAMS 0x0000000089d00000, 0x0000000089d00000| Untracked 
| 100|0x0000000089e00000, 0x0000000089e00000, 0x0000000089f00000|  0%| F|  |TAMS 0x0000000089e00000, 0x0000000089e00000| Untracked 
| 101|0x0000000089f00000, 0x0000000089f00000, 0x000000008a000000|  0%| F|  |TAMS 0x0000000089f00000, 0x0000000089f00000| Untracked 
| 102|0x000000008a000000, 0x000000008a000000, 0x000000008a100000|  0%| F|  |TAMS 0x000000008a000000, 0x000000008a000000| Untracked 
| 103|0x000000008a100000, 0x000000008a100000, 0x000000008a200000|  0%| F|  |TAMS 0x000000008a100000, 0x000000008a100000| Untracked 
| 104|0x000000008a200000, 0x000000008a200000, 0x000000008a300000|  0%| F|  |TAMS 0x000000008a200000, 0x000000008a200000| Untracked 
| 105|0x000000008a300000, 0x000000008a300000, 0x000000008a400000|  0%| F|  |TAMS 0x000000008a300000, 0x000000008a300000| Untracked 
| 106|0x000000008a400000, 0x000000008a400000, 0x000000008a500000|  0%| F|  |TAMS 0x000000008a400000, 0x000000008a400000| Untracked 
| 107|0x000000008a500000, 0x000000008a500000, 0x000000008a600000|  0%| F|  |TAMS 0x000000008a500000, 0x000000008a500000| Untracked 
| 108|0x000000008a600000, 0x000000008a600000, 0x000000008a700000|  0%| F|  |TAMS 0x000000008a600000, 0x000000008a600000| Untracked 
| 109|0x000000008a700000, 0x000000008a700000, 0x000000008a800000|  0%| F|  |TAMS 0x000000008a700000, 0x000000008a700000| Untracked 
| 110|0x000000008a800000, 0x000000008a800000, 0x000000008a900000|  0%| F|  |TAMS 0x000000008a800000, 0x000000008a800000| Untracked 
| 111|0x000000008a900000, 0x000000008a900000, 0x000000008aa00000|  0%| F|  |TAMS 0x000000008a900000, 0x000000008a900000| Untracked 
| 112|0x000000008aa00000, 0x000000008aa00000, 0x000000008ab00000|  0%| F|  |TAMS 0x000000008aa00000, 0x000000008aa00000| Untracked 
| 113|0x000000008ab00000, 0x000000008ac00000, 0x000000008ac00000|100%| E|  |TAMS 0x000000008ab00000, 0x000000008ab00000| Complete 
| 114|0x000000008ac00000, 0x000000008ad00000, 0x000000008ad00000|100%| E|CS|TAMS 0x000000008ac00000, 0x000000008ac00000| Complete 
| 115|0x000000008ad00000, 0x000000008ae00000, 0x000000008ae00000|100%| E|CS|TAMS 0x000000008ad00000, 0x000000008ad00000| Complete 
| 116|0x000000008ae00000, 0x000000008af00000, 0x000000008af00000|100%| E|CS|TAMS 0x000000008ae00000, 0x000000008ae00000| Complete 
| 117|0x000000008af00000, 0x000000008b000000, 0x000000008b000000|100%| E|CS|TAMS 0x000000008af00000, 0x000000008af00000| Complete 
| 118|0x000000008b000000, 0x000000008b100000, 0x000000008b100000|100%| E|CS|TAMS 0x000000008b000000, 0x000000008b000000| Complete 
| 119|0x000000008b100000, 0x000000008b200000, 0x000000008b200000|100%| E|CS|TAMS 0x000000008b100000, 0x000000008b100000| Complete 
| 120|0x000000008b200000, 0x000000008b300000, 0x000000008b300000|100%| E|CS|TAMS 0x000000008b200000, 0x000000008b200000| Complete 
| 121|0x000000008b300000, 0x000000008b400000, 0x000000008b400000|100%| E|CS|TAMS 0x000000008b300000, 0x000000008b300000| Complete 
| 122|0x000000008b400000, 0x000000008b500000, 0x000000008b500000|100%| E|CS|TAMS 0x000000008b400000, 0x000000008b400000| Complete 
| 123|0x000000008b500000, 0x000000008b600000, 0x000000008b600000|100%| E|CS|TAMS 0x000000008b500000, 0x000000008b500000| Complete 
| 124|0x000000008b600000, 0x000000008b700000, 0x000000008b700000|100%| E|CS|TAMS 0x000000008b600000, 0x000000008b600000| Complete 
| 125|0x000000008b700000, 0x000000008b800000, 0x000000008b800000|100%| E|CS|TAMS 0x000000008b700000, 0x000000008b700000| Complete 

Card table byte_map: [0x000002885a400000,0x000002885a7f0000] _byte_map_base: 0x0000028859fe3000

Marking Bits (Prev, Next): (CMBitMap*) 0x0000028842b98590, (CMBitMap*) 0x0000028842b985d0
 Prev Bits: [0x000002885abe0000, 0x000002885caf8000)
 Next Bits: [0x000002885cb00000, 0x000002885ea18000)

Polling page: 0x0000028842310000

Metaspace:

Usage:
  Non-class:      9.85 MB used.
      Class:      1.26 MB used.
       Both:     11.12 MB used.

Virtual space:
  Non-class space:       64.00 MB reserved,       9.94 MB ( 16%) committed,  1 nodes.
      Class space:        1.00 GB reserved,       1.38 MB ( <1%) committed,  1 nodes.
             Both:        1.06 GB reserved,      11.31 MB (  1%) committed. 

Chunk freelists:
   Non-Class:  2.02 MB
       Class:  2.61 MB
        Both:  4.63 MB

MaxMetaspaceSize: unlimited
CompressedClassSpaceSize: 1.00 GB
Initial GC threshold: 21.00 MB
Current GC threshold: 21.00 MB
CDS: on
MetaspaceReclaimPolicy: balanced
 - commit_granule_bytes: 65536.
 - commit_granule_words: 8192.
 - virtual_space_node_default_size: 8388608.
 - enlarge_chunks_in_place: 1.
 - new_chunks_are_fully_committed: 0.
 - uncommit_free_chunks: 1.
 - use_allocation_guard: 0.


Internal statistics:

num_allocs_failed_limit: 0.
num_arena_births: 160.
num_arena_deaths: 0.
num_vsnodes_births: 2.
num_vsnodes_deaths: 0.
num_space_committed: 181.
num_space_uncommitted: 0.
num_chunks_returned_to_freelist: 0.
num_chunks_taken_from_freelist: 199.
num_chunk_merges: 0.
num_chunk_splits: 125.
num_chunks_enlarged: 80.
num_inconsistent_stats: 0.

CodeHeap 'non-profiled nmethods': size=120000Kb used=485Kb max_used=485Kb free=119514Kb
 bounds [0x0000028852580000, 0x00000288527f0000, 0x0000028859ab0000]
CodeHeap 'profiled nmethods': size=120000Kb used=2708Kb max_used=2708Kb free=117291Kb
 bounds [0x000002884aab0000, 0x000002884ad60000, 0x0000028851fe0000]
CodeHeap 'non-nmethods': size=5760Kb used=1439Kb max_used=1455Kb free=4320Kb
 bounds [0x0000028851fe0000, 0x0000028852250000, 0x0000028852580000]
 total_blobs=2266 nmethods=1585 adapters=591
 compilation: enabled
              stopped_count=0, restarted_count=0
 full_count=0

Compilation events (20 events):
Event: 1.608 Thread 0x000002886166cd30 1577       1       javax.swing.Timer::getLock (5 bytes)
Event: 1.608 Thread 0x000002886166cd30 nmethod 1577 0x00000288525f7a90 code [0x00000288525f7c20, 0x00000288525f7cd8]
Event: 2.000 Thread 0x000002886166cd30 1578   !   3       java.awt.EventQueue::postEventPrivate (104 bytes)
Event: 2.000 Thread 0x000002886166cd30 nmethod 1578 0x000002884ad50e10 code [0x000002884ad51060, 0x000002884ad518a8]
Event: 2.000 Thread 0x000002886166cd30 1579       3       java.awt.Toolkit$SelectiveAWTEventListener::eventDispatched (745 bytes)
Event: 2.001 Thread 0x000002886166cd30 nmethod 1579 0x000002884ad51b90 code [0x000002884ad51e00, 0x000002884ad53328]
Event: 2.001 Thread 0x000002886166cd30 1580       3       java.util.Vector::elementData (7 bytes)
Event: 2.001 Thread 0x000002886166cd30 nmethod 1580 0x000002884ad53710 code [0x000002884ad538a0, 0x000002884ad539d8]
Event: 2.002 Thread 0x000002886166cd30 1581   !   3       sun.java2d.SunGraphics2D::clone (114 bytes)
Event: 2.002 Thread 0x000002886166cd30 nmethod 1581 0x000002884ad53a90 code [0x000002884ad53ce0, 0x000002884ad54868]
Event: 2.002 Thread 0x000002886166cd30 1582       1       java.awt.AlphaComposite::getAlpha (5 bytes)
Event: 2.002 Thread 0x000002886166cd30 nmethod 1582 0x00000288525f7d90 code [0x00000288525f7f20, 0x00000288525f7ff8]
Event: 2.003 Thread 0x0000028861666e50 1583       4       sun.java2d.marlin.MarlinCache::startRLERow (40 bytes)
Event: 2.004 Thread 0x0000028861666e50 nmethod 1583 0x00000288525f8090 code [0x00000288525f8220, 0x00000288525f83d8]
Event: 2.004 Thread 0x0000028861666e50 1584       4       sun.java2d.marlin.Renderer::tosubpixx (6 bytes)
Event: 2.004 Thread 0x000002886166cd30 1585       3       sun.awt.SunToolkit::getSystemEventQueueImplPP (13 bytes)
Event: 2.004 Thread 0x0000028861666e50 nmethod 1584 0x00000288525f8610 code [0x00000288525f87c0, 0x00000288525f8818]
Event: 2.004 Thread 0x000002886166cd30 nmethod 1585 0x000002884ad54c90 code [0x000002884ad54e40, 0x000002884ad55068]
Event: 2.004 Thread 0x0000028861666e50 1586       4       sun.java2d.marlin.MarlinCache::copyAARowNoRLE (362 bytes)
Event: 2.005 Thread 0x000002886166cd30 1587       3       sun.java2d.pipe.AlphaPaintPipe::renderPathTile (491 bytes)

GC Heap History (0 events):
No events

Dll operation events (9 events):
Event: 0.008 Loaded shared library C:\Program Files\Java\jdk-19\bin\java.dll
Event: 0.015 Loaded shared library C:\Program Files\Java\jdk-19\bin\jsvml.dll
Event: 0.045 Loaded shared library C:\Program Files\Java\jdk-19\bin\net.dll
Event: 0.046 Loaded shared library C:\Program Files\Java\jdk-19\bin\nio.dll
Event: 0.070 Loaded shared library C:\Program Files\Java\jdk-19\bin\jimage.dll
Event: 0.079 Loaded shared library C:\Program Files\Java\jdk-19\bin\awt.dll
Event: 0.145 Loaded shared library C:\Program Files\Java\jdk-19\bin\freetype.dll
Event: 0.146 Loaded shared library C:\Program Files\Java\jdk-19\bin\fontmanager.dll
Event: 1.353 Loaded shared library C:\Program Files\Java\jdk-19\bin\zip.dll

Deoptimization events (20 events):
Event: 1.114 Thread 0x0000028865be50b0 DEOPT PACKING pc=0x00000288525ea96c sp=0x000000fc24cfd340
Event: 1.114 Thread 0x0000028865be50b0 DEOPT UNPACKING pc=0x000002885204a5a3 sp=0x000000fc24cfd2f8 mode 2
Event: 1.114 Thread 0x0000028865be50b0 Uncommon trap: trap_request=0xffffffbe fr.pc=0x00000288525ea96c relative=0x000000000000060c
Event: 1.114 Thread 0x0000028865be50b0 Uncommon trap: reason=profile_predicate action=maybe_recompile pc=0x00000288525ea96c method=java.awt.LinearGradientPaintContext.fillRaster([IIIIIII)V @ 53 c2
Event: 1.114 Thread 0x0000028865be50b0 DEOPT PACKING pc=0x00000288525ea96c sp=0x000000fc24cfd340
Event: 1.114 Thread 0x0000028865be50b0 DEOPT UNPACKING pc=0x000002885204a5a3 sp=0x000000fc24cfd2f8 mode 2
Event: 1.114 Thread 0x0000028865be50b0 Uncommon trap: trap_request=0xffffffbe fr.pc=0x00000288525ea96c relative=0x000000000000060c
Event: 1.114 Thread 0x0000028865be50b0 Uncommon trap: reason=profile_predicate action=maybe_recompile pc=0x00000288525ea96c method=java.awt.LinearGradientPaintContext.fillRaster([IIIIIII)V @ 53 c2
Event: 1.114 Thread 0x0000028865be50b0 DEOPT PACKING pc=0x00000288525ea96c sp=0x000000fc24cfd340
Event: 1.114 Thread 0x0000028865be50b0 DEOPT UNPACKING pc=0x000002885204a5a3 sp=0x000000fc24cfd2f8 mode 2
Event: 1.355 Thread 0x0000028866b62280 Uncommon trap: trap_request=0xffffff45 fr.pc=0x00000288525c5bc4 relative=0x0000000000000504
Event: 1.355 Thread 0x0000028866b62280 Uncommon trap: reason=unstable_if action=reinterpret pc=0x00000288525c5bc4 method=java.lang.StringLatin1.newString([BII)Ljava/lang/String; @ 1 c2
Event: 1.355 Thread 0x0000028866b62280 DEOPT PACKING pc=0x00000288525c5bc4 sp=0x000000fc251fedc0
Event: 1.355 Thread 0x0000028866b62280 DEOPT UNPACKING pc=0x000002885204a5a3 sp=0x000000fc251fed20 mode 2
Event: 1.368 Thread 0x0000028866b62280 Uncommon trap: trap_request=0xffffff45 fr.pc=0x00000288525f02a4 relative=0x00000000000005a4
Event: 1.368 Thread 0x0000028866b62280 Uncommon trap: reason=unstable_if action=reinterpret pc=0x00000288525f02a4 method=java.util.regex.Matcher.search(I)Z @ 30 c2
Event: 1.368 Thread 0x0000028866b62280 DEOPT PACKING pc=0x00000288525f02a4 sp=0x000000fc251fee50
Event: 1.368 Thread 0x0000028866b62280 DEOPT UNPACKING pc=0x000002885204a5a3 sp=0x000000fc251fee40 mode 2
Event: 1.384 Thread 0x0000028865be50b0 DEOPT PACKING pc=0x000002884ac8db0e sp=0x000000fc24cfd1e0
Event: 1.384 Thread 0x0000028865be50b0 DEOPT UNPACKING pc=0x000002885204b0e3 sp=0x000000fc24cfc590 mode 0

Classes loaded (20 events):
Event: 1.354 Loading class sun/net/www/protocol/jrt/Handler
Event: 1.354 Loading class sun/net/www/protocol/jrt/Handler done
Event: 1.368 Loading class java/lang/invoke/MethodHandle$1
Event: 1.368 Loading class java/lang/invoke/MethodHandle$1 done
Event: 1.369 Loading class sun/util/resources/LocaleData$CommonResourceBundleProvider
Event: 1.369 Loading class sun/util/resources/LocaleData$LocaleDataResourceBundleProvider
Event: 1.369 Loading class java/util/spi/ResourceBundleProvider
Event: 1.369 Loading class java/util/spi/ResourceBundleProvider done
Event: 1.369 Loading class sun/util/resources/LocaleData$LocaleDataResourceBundleProvider done
Event: 1.369 Loading class sun/util/resources/LocaleData$CommonResourceBundleProvider done
Event: 1.370 Loading class sun/text/resources/cldr/FormatData_en
Event: 1.370 Loading class sun/text/resources/cldr/FormatData_en done
Event: 1.370 Loading class sun/util/resources/Bundles$2
Event: 1.370 Loading class sun/util/resources/Bundles$2 done
Event: 2.000 Loading class javax/swing/Autoscroller
Event: 2.000 Loading class javax/swing/Autoscroller done
Event: 2.000 Loading class javax/swing/event/CaretListener
Event: 2.000 Loading class javax/swing/event/CaretListener done
Event: 2.002 Loading class javax/swing/plaf/basic/BasicPopupMenuUI$MouseGrabber$2
Event: 2.002 Loading class javax/swing/plaf/basic/BasicPopupMenuUI$MouseGrabber$2 done

Classes unloaded (0 events):
No events

Classes redefined (0 events):
No events

Internal exceptions (20 events):
Event: 0.190 Thread 0x0000028865be50b0 Exception <a 'java/lang/NoSuchMethodError'{0x000000008b145628}: 'int java.lang.invoke.Invokers$Holder.invokeExact_MT(java.lang.Object, java.lang.Object)'> (0x000000008b145628) 
thrown [s\open\src\hotspot\share\interpreter\linkResolver.cpp, line 774]
Event: 0.194 Thread 0x0000028865be50b0 Exception <a 'java/lang/NoSuchMethodError'{0x000000008b151ea0}: 'java.lang.Object java.lang.invoke.DirectMethodHandle$Holder.newInvokeSpecial(java.lang.Object, java.lang.Object, int)'> (0x000000008b151ea0) 
thrown [s\open\src\hotspot\share\interpreter\linkResolver.cpp, line 774]
Event: 0.194 Thread 0x0000028865be50b0 Exception <a 'java/lang/NoSuchMethodError'{0x000000008b1570e8}: 'int java.lang.invoke.DirectMethodHandle$Holder.invokeSpecial(java.lang.Object, java.lang.Object, java.lang.Object, int)'> (0x000000008b1570e8) 
thrown [s\open\src\hotspot\share\interpreter\linkResolver.cpp, line 774]
Event: 0.195 Thread 0x0000028865be50b0 Exception <a 'java/lang/NoSuchMethodError'{0x000000008b1699e8}: 'java.lang.Object java.lang.invoke.DirectMethodHandle$Holder.invokeStatic(java.lang.Object, java.lang.Object, java.lang.Object, java.lang.Object, int)'> (0x000000008b1699e8) 
thrown [s\open\src\hotspot\share\interpreter\linkResolver.cpp, line 774]
Event: 0.196 Thread 0x0000028865be50b0 Exception <a 'java/lang/NoSuchMethodError'{0x000000008b1759f0}: 'int java.lang.invoke.DirectMethodHandle$Holder.invokeSpecial(java.lang.Object, java.lang.Object, java.lang.Object)'> (0x000000008b1759f0) 
thrown [s\open\src\hotspot\share\interpreter\linkResolver.cpp, line 774]
Event: 0.215 Thread 0x0000028865be50b0 Implicit null exception at 0x00000288525a1b2f to 0x00000288525a1ba9
Event: 0.248 Thread 0x0000028865be50b0 Exception <a 'java/io/FileNotFoundException'{0x000000008b07cdb0}> (0x000000008b07cdb0) 
thrown [s\open\src\hotspot\share\prims\jni.cpp, line 517]
Event: 0.249 Thread 0x0000028865be50b0 Exception <a 'java/io/FileNotFoundException'{0x000000008b080230}> (0x000000008b080230) 
thrown [s\open\src\hotspot\share\prims\jni.cpp, line 517]
Event: 0.249 Thread 0x0000028865be50b0 Exception <a 'java/io/FileNotFoundException'{0x000000008b081978}> (0x000000008b081978) 
thrown [s\open\src\hotspot\share\prims\jni.cpp, line 517]
Event: 0.249 Thread 0x0000028865be50b0 Exception <a 'java/io/FileNotFoundException'{0x000000008b0830e0}> (0x000000008b0830e0) 
thrown [s\open\src\hotspot\share\prims\jni.cpp, line 517]
Event: 0.252 Thread 0x0000028865be50b0 Exception <a 'java/io/FileNotFoundException'{0x000000008b099b60}> (0x000000008b099b60) 
thrown [s\open\src\hotspot\share\prims\jni.cpp, line 517]
Event: 0.252 Thread 0x0000028865be50b0 Exception <a 'java/io/FileNotFoundException'{0x000000008b09cd50}> (0x000000008b09cd50) 
thrown [s\open\src\hotspot\share\prims\jni.cpp, line 517]
Event: 0.252 Thread 0x0000028865be50b0 Exception <a 'java/io/FileNotFoundException'{0x000000008b09e498}> (0x000000008b09e498) 
thrown [s\open\src\hotspot\share\prims\jni.cpp, line 517]
Event: 0.252 Thread 0x0000028865be50b0 Exception <a 'java/io/FileNotFoundException'{0x000000008b09fc00}> (0x000000008b09fc00) 
thrown [s\open\src\hotspot\share\prims\jni.cpp, line 517]
Event: 0.275 Thread 0x00000288659f5ac0 Exception <a 'java/lang/NoSuchMethodError'{0x000000008b4fb8e8}: 'void java.lang.invoke.DirectMethodHandle$Holder.invokeVirtual(java.lang.Object, java.lang.Object)'> (0x000000008b4fb8e8) 
thrown [s\open\src\hotspot\share\interpreter\linkResolver.cpp, line 774]
Event: 0.283 Thread 0x0000028865be50b0 Exception <a 'java/lang/NoSuchMethodError'{0x000000008b0dd080}: 'void java.lang.invoke.DirectMethodHandle$Holder.invokeStaticInit(java.lang.Object)'> (0x000000008b0dd080) 
thrown [s\open\src\hotspot\share\interpreter\linkResolver.cpp, line 774]
Event: 1.114 Thread 0x0000028865be50b0 Implicit null exception at 0x00000288525ea44a to 0x00000288525ea934
Event: 1.114 Thread 0x0000028865be50b0 Implicit null exception at 0x00000288525ea44a to 0x00000288525ea934
Event: 1.114 Thread 0x0000028865be50b0 Implicit null exception at 0x00000288525ea44a to 0x00000288525ea934
Event: 1.114 Thread 0x0000028865be50b0 Implicit null exception at 0x00000288525ea44a to 0x00000288525ea934

VM Operations (18 events):
Event: 0.049 Executing VM operation: HandshakeAllThreads
Event: 0.049 Executing VM operation: HandshakeAllThreads done
Event: 0.093 Executing VM operation: HandshakeAllThreads
Event: 0.093 Executing VM operation: HandshakeAllThreads done
Event: 0.205 Executing VM operation: HandshakeAllThreads
Event: 0.205 Executing VM operation: HandshakeAllThreads done
Event: 0.320 Executing VM operation: ICBufferFull
Event: 0.321 Executing VM operation: ICBufferFull done
Event: 0.363 Executing VM operation: HandshakeAllThreads
Event: 0.363 Executing VM operation: HandshakeAllThreads done
Event: 0.402 Executing VM operation: HandshakeAllThreads
Event: 0.403 Executing VM operation: HandshakeAllThreads done
Event: 0.411 Executing VM operation: HandshakeAllThreads
Event: 0.411 Executing VM operation: HandshakeAllThreads done
Event: 1.363 Executing VM operation: ICBufferFull
Event: 1.363 Executing VM operation: ICBufferFull done
Event: 1.367 Executing VM operation: HandshakeAllThreads
Event: 1.367 Executing VM operation: HandshakeAllThreads done

Events (20 events):
Event: 0.015 Thread 0x0000028842b37620 Thread added: 0x0000028842b37620
Event: 0.025 Thread 0x000002886165c490 Thread added: 0x000002886165c490
Event: 0.026 Thread 0x000002886165d280 Thread added: 0x000002886165d280
Event: 0.026 Thread 0x000002886165e680 Thread added: 0x000002886165e680
Event: 0.026 Thread 0x0000028861663130 Thread added: 0x0000028861663130
Event: 0.026 Thread 0x0000028861663a60 Thread added: 0x0000028861663a60
Event: 0.026 Thread 0x0000028861664fc0 Thread added: 0x0000028861664fc0
Event: 0.026 Thread 0x0000028861666e50 Thread added: 0x0000028861666e50
Event: 0.026 Thread 0x000002886166cd30 Thread added: 0x000002886166cd30
Event: 0.026 Thread 0x0000028861672480 Thread added: 0x0000028861672480
Event: 0.038 Thread 0x00000288658a28c0 Thread added: 0x00000288658a28c0
Event: 0.055 Thread 0x0000028865989ff0 Thread added: 0x0000028865989ff0
Event: 0.106 Thread 0x00000288659f31c0 Thread added: 0x00000288659f31c0
Event: 0.107 Thread 0x00000288659f4130 Thread added: 0x00000288659f4130
Event: 0.108 Thread 0x00000288659f5ac0 Thread added: 0x00000288659f5ac0
Event: 0.173 Thread 0x0000028865be50b0 Thread added: 0x0000028865be50b0
Event: 0.174 Thread 0x0000028842b37620 Thread exited: 0x0000028842b37620
Event: 0.174 Thread 0x0000028842b37620 Thread added: 0x0000028842b37620
Event: 0.260 Thread 0x0000028866a3cff0 Thread added: 0x0000028866a3cff0
Event: 0.339 Thread 0x0000028866b62280 Thread added: 0x0000028866b62280


Dynamic libraries:
0x00007ff75c1f0000 - 0x00007ff75c200000 	C:\Program Files\Java\jdk-19\bin\java.exe
0x00007ffd9de50000 - 0x00007ffd9e048000 	C:\Windows\SYSTEM32\ntdll.dll
0x00007ffd9c5e0000 - 0x00007ffd9c69f000 	C:\Windows\System32\KERNEL32.DLL
0x00007ffd9ba30000 - 0x00007ffd9bd26000 	C:\Windows\System32\KERNELBASE.dll
0x00007ffd9b580000 - 0x00007ffd9b680000 	C:\Windows\System32\ucrtbase.dll
0x00007ffd964f0000 - 0x00007ffd9650b000 	C:\Program Files\Java\jdk-19\bin\VCRUNTIME140.dll
0x00007ffd92ea0000 - 0x00007ffd92eb8000 	C:\Program Files\Java\jdk-19\bin\jli.dll
0x00007ffd9d610000 - 0x00007ffd9d6bf000 	C:\Windows\System32\ADVAPI32.dll
0x00007ffd9c300000 - 0x00007ffd9c39e000 	C:\Windows\System32\msvcrt.dll
0x00007ffd9d040000 - 0x00007ffd9d0dc000 	C:\Windows\System32\sechost.dll
0x00007ffd9c3e0000 - 0x00007ffd9c506000 	C:\Windows\System32\RPCRT4.dll
0x00007ffd9d0e0000 - 0x00007ffd9d27d000 	C:\Windows\System32\USER32.dll
0x00007ffd9bdd0000 - 0x00007ffd9bdf2000 	C:\Windows\System32\win32u.dll
0x00007ffd85600000 - 0x00007ffd8589a000 	C:\Windows\WinSxS\amd64_microsoft.windows.common-controls_6595b64144ccf1df_6.0.19041.1110_none_60b5254171f9507e\COMCTL32.dll
0x00007ffd9c3b0000 - 0x00007ffd9c3dc000 	C:\Windows\System32\GDI32.dll
0x00007ffd9b7b0000 - 0x00007ffd9b8c5000 	C:\Windows\System32\gdi32full.dll
0x00007ffd9bd30000 - 0x00007ffd9bdcd000 	C:\Windows\System32\msvcp_win.dll
0x00007ffd95310000 - 0x00007ffd9531a000 	C:\Windows\SYSTEM32\VERSION.dll
0x00007ffd9dde0000 - 0x00007ffd9de10000 	C:\Windows\System32\IMM32.DLL
0x00007ffd96c40000 - 0x00007ffd96c4c000 	C:\Program Files\Java\jdk-19\bin\vcruntime140_1.dll
0x00007ffd7a970000 - 0x00007ffd7a9fe000 	C:\Program Files\Java\jdk-19\bin\msvcp140.dll
0x00007ffd5f4f0000 - 0x00007ffd601b0000 	C:\Program Files\Java\jdk-19\bin\server\jvm.dll
0x00007ffd866c0000 - 0x00007ffd866c9000 	C:\Windows\SYSTEM32\WSOCK32.dll
0x00007ffd89280000 - 0x00007ffd892a7000 	C:\Windows\SYSTEM32\WINMM.dll
0x00007ffd9cfc0000 - 0x00007ffd9d02b000 	C:\Windows\System32\WS2_32.dll
0x00007ffd99dd0000 - 0x00007ffd99de2000 	C:\Windows\SYSTEM32\kernel.appcore.dll
0x00007ffd96b50000 - 0x00007ffd96b5a000 	C:\Program Files\Java\jdk-19\bin\jimage.dll
0x00007ffd99120000 - 0x00007ffd99304000 	C:\Windows\SYSTEM32\DBGHELP.DLL
0x00007ffd89570000 - 0x00007ffd895a4000 	C:\Windows\SYSTEM32\dbgcore.DLL
0x00007ffd9b680000 - 0x00007ffd9b702000 	C:\Windows\System32\bcryptPrimitives.dll
0x00007ffd85f30000 - 0x00007ffd85f56000 	C:\Program Files\Java\jdk-19\bin\java.dll
0x00007ffd71080000 - 0x00007ffd71157000 	C:\Program Files\Java\jdk-19\bin\jsvml.dll
0x00007ffd9c870000 - 0x00007ffd9cfb4000 	C:\Windows\System32\SHELL32.dll
0x00007ffd995f0000 - 0x00007ffd99d83000 	C:\Windows\SYSTEM32\windows.storage.dll
0x00007ffd9bf10000 - 0x00007ffd9c264000 	C:\Windows\System32\combase.dll
0x00007ffd9af90000 - 0x00007ffd9afbe000 	C:\Windows\SYSTEM32\Wldp.dll
0x00007ffd9c6a0000 - 0x00007ffd9c74d000 	C:\Windows\System32\SHCORE.dll
0x00007ffd9d5b0000 - 0x00007ffd9d605000 	C:\Windows\System32\shlwapi.dll
0x00007ffd9b470000 - 0x00007ffd9b48f000 	C:\Windows\SYSTEM32\profapi.dll
0x00007ffd945e0000 - 0x00007ffd945f3000 	C:\Program Files\Java\jdk-19\bin\net.dll
0x00007ffd94340000 - 0x00007ffd9444a000 	C:\Windows\SYSTEM32\WINHTTP.dll
0x00007ffd9acf0000 - 0x00007ffd9ad5a000 	C:\Windows\system32\mswsock.dll
0x00007ffd92e70000 - 0x00007ffd92e86000 	C:\Program Files\Java\jdk-19\bin\nio.dll
0x00007ffd709f0000 - 0x00007ffd70b81000 	C:\Program Files\Java\jdk-19\bin\awt.dll
0x00007ffd9c510000 - 0x00007ffd9c5dd000 	C:\Windows\System32\OLEAUT32.dll
0x00007ffd989a0000 - 0x00007ffd98a31000 	C:\Windows\SYSTEM32\apphelp.dll
0x00007ffd98b00000 - 0x00007ffd98b9e000 	C:\Windows\system32\uxtheme.dll
0x00007ffd9c750000 - 0x00007ffd9c864000 	C:\Windows\System32\MSCTF.dll
0x00007ffd9dbd0000 - 0x00007ffd9dcfa000 	C:\Windows\System32\ole32.dll
0x00007ffd98ec0000 - 0x00007ffd98eef000 	C:\Windows\system32\DWMAPI.DLL
0x00007ffd71ea0000 - 0x00007ffd71f26000 	C:\Program Files\Java\jdk-19\bin\freetype.dll
0x00007ffd707f0000 - 0x00007ffd708b6000 	C:\Program Files\Java\jdk-19\bin\fontmanager.dll
0x00007ffd708c0000 - 0x00007ffd709e5000 	C:\Windows\system32\opengl32.dll
0x00007ffd812c0000 - 0x00007ffd812ec000 	C:\Windows\SYSTEM32\GLU32.dll
0x00007ffd9d430000 - 0x00007ffd9d4d9000 	C:\Windows\System32\clbcatq.dll
0x00007ffd95140000 - 0x00007ffd952f4000 	C:\Windows\SYSTEM32\WindowsCodecs.dll
0x00007ffd9b710000 - 0x00007ffd9b737000 	C:\Windows\System32\bcrypt.dll
0x00007ffd73360000 - 0x00007ffd7339e000 	C:\Windows\system32\dataexchange.dll
0x00007ffd97d30000 - 0x00007ffd97f13000 	C:\Windows\system32\dcomp.dll
0x00007ffd96df0000 - 0x00007ffd97053000 	C:\Windows\system32\d3d11.dll
0x00007ffd99df0000 - 0x00007ffd99ee3000 	C:\Windows\system32\dxgi.dll
0x00007ffd96200000 - 0x00007ffd96400000 	C:\Windows\system32\twinapi.appcore.dll
0x00007ffd912c0000 - 0x00007ffd913ba000 	C:\Windows\SYSTEM32\textinputframework.dll
0x00007ffd982b0000 - 0x00007ffd9860e000 	C:\Windows\System32\CoreUIComponents.dll
0x00007ffd98610000 - 0x00007ffd98702000 	C:\Windows\System32\CoreMessaging.dll
0x00007ffd9a6c0000 - 0x00007ffd9a6f3000 	C:\Windows\SYSTEM32\ntmarta.dll
0x00007ffd97bd0000 - 0x00007ffd97d24000 	C:\Windows\SYSTEM32\wintypes.dll
0x00007ffd84a30000 - 0x00007ffd84a48000 	C:\Program Files\Java\jdk-19\bin\zip.dll

dbghelp: loaded successfully - version: 4.0.5 - missing functions: none
symbol engine: initialized successfully - sym options: 0x614 - pdb path: .;C:\Program Files\Java\jdk-19\bin;C:\Windows\SYSTEM32;C:\Windows\WinSxS\amd64_microsoft.windows.common-controls_6595b64144ccf1df_6.0.19041.1110_none_60b5254171f9507e;C:\Program Files\Java\jdk-19\bin\server

VM Arguments:
jvm_args: -Dfile.encoding=UTF-8 --module-path=D:\Documents\NetBeansProjects\finalExam\build\classes 
java_command: posFinals
java_class_path (initial): D:\Documents\NetBeansProjects\finalExam\build\classes
Launcher Type: SUN_STANDARD

[Global flags]
     intx CICompilerCount                          = 4                                         {product} {ergonomic}
     uint ConcGCThreads                            = 3                                         {product} {ergonomic}
     uint G1ConcRefinementThreads                  = 10                                        {product} {ergonomic}
   size_t G1HeapRegionSize                         = 1048576                                   {product} {ergonomic}
    uintx GCDrainStackTargetSize                   = 64                                        {product} {ergonomic}
   size_t InitialHeapSize                          = 132120576                                 {product} {ergonomic}
   size_t MarkStackSize                            = 4194304                                   {product} {ergonomic}
   size_t MaxHeapSize                              = 2086666240                                {product} {ergonomic}
   size_t MaxNewSize                               = 1251999744                                {product} {ergonomic}
   size_t MinHeapDeltaBytes                        = 1048576                                   {product} {ergonomic}
   size_t MinHeapSize                              = 8388608                                   {product} {ergonomic}
    uintx NonNMethodCodeHeapSize                   = 5839372                                {pd product} {ergonomic}
    uintx NonProfiledCodeHeapSize                  = 122909434                              {pd product} {ergonomic}
    uintx ProfiledCodeHeapSize                     = 122909434                              {pd product} {ergonomic}
    uintx ReservedCodeCacheSize                    = 251658240                              {pd product} {ergonomic}
     bool SegmentedCodeCache                       = true                                      {product} {ergonomic}
   size_t SoftMaxHeapSize                          = 2086666240                             {manageable} {ergonomic}
     bool UseCompressedClassPointers               = true                           {product lp64_product} {ergonomic}
     bool UseCompressedOops                        = true                           {product lp64_product} {ergonomic}
     bool UseG1GC                                  = true                                      {product} {ergonomic}
     bool UseLargePagesIndividualAllocation        = false                                  {pd product} {ergonomic}

Logging:
Log output configuration:
 #0: stdout all=warning uptime,level,tags foldmultilines=false
 #1: stderr all=off uptime,level,tags foldmultilines=false

Environment Variables:
CLASSPATH=.;C:\Program Files (x86)\QuickTime\QTSystem\QTJava.zip
PATH=C:\Program Files\Common Files\Oracle\Java\javapath;C:\Windows\system32;C:\Windows;C:\Windows\System32\Wbem;C:\Windows\System32\WindowsPowerShell\v1.0\;C:\Windows\System32\OpenSSH\;C:\Program Files (x86)\QuickTime\QTSystem\;C:\Program Files\dotnet\;C:\Users\Paul Noriel\AppData\Local\Programs\Python\Python310\Scripts\;C:\Users\Paul Noriel\AppData\Local\Programs\Python\Python310\;C:\Users\Paul Noriel\AppData\Local\Microsoft\WindowsApps;
USERNAME=Paul Noriel
OS=Windows_NT
PROCESSOR_IDENTIFIER=Intel64 Family 6 Model 167 Stepping 1, GenuineIntel
TMP=C:\Users\PAULNO~1\AppData\Local\Temp
TEMP=C:\Users\PAULNO~1\AppData\Local\Temp



---------------  S Y S T E M  ---------------

OS:
 Windows 10 , 64 bit Build 19041 (10.0.19041.2913)
OS uptime: 0 days 4:42 hours

CPU: total 12 (initial active 12) (6 cores per cpu, 2 threads per core) family 6 model 167 stepping 1 microcode 0x40, cx8, cmov, fxsr, ht, mmx, 3dnowpref, sse, sse2, sse3, ssse3, sse4.1, sse4.2, popcnt, lzcnt, tsc, tscinvbit, avx, avx2, aes, erms, clmul, bmi1, bmi2, adx, avx512f, avx512dq, avx512cd, avx512bw, avx512vl, sha, fma, vzeroupper, avx512_vpopcntdq, avx512_vpclmulqdq, avx512_vaes, avx512_vnni, clflush, clflushopt, avx512_vbmi2, avx512_vbmi, rdtscp, rdpid, fsrm, gfni, avx512_bitalg

Memory: 4k page, system-wide physical 7957M (435M free)
TotalPageFile size 34581M (AvailPageFile size 15M)
current process WorkingSet (physical memory assigned to process): 80M, peak: 80M
current process commit charge ("private bytes"): 235M, peak: 235M

vm_info: Java HotSpot(TM) 64-Bit Server VM (19.0.2+7-44) for windows-amd64 JRE (19.0.2+7-44), built on 2022-11-30T18:02:09Z by "mach5one" with MS VC++ 17.1 (VS2022)

END.
