#
# There is insufficient memory for the Java Runtime Environment to continue.
# Native memory allocation (mmap) failed to map 132120576 bytes for G1 virtual space
# Possible reasons:
#   The system is out of physical RAM or swap space
#   The process is running with CompressedOops enabled, and the Java Heap may be blocking the growth of the native heap
# Possible solutions:
#   Reduce memory load on the system
#   Increase physical memory or swap space
#   Check if swap backing store is full
#   Decrease Java heap size (-Xmx/-Xms)
#   Decrease number of Java threads
#   Decrease Java thread stack sizes (-Xss)
#   Set larger code cache with -XX:ReservedCodeCacheSize=
#   JVM is running with Unscaled Compressed Oops mode in which the Java heap is
#     placed in the first 4GB address space. The Java Heap base address is the
#     maximum limit for the native heap growth. Please use -XX:HeapBaseMinAddress
#     to set the Java Heap base and to place the Java Heap above 4GB virtual address.
# This output file may be truncated or incomplete.
#
#  Out of Memory Error (os_windows.cpp:3536), pid=6760, tid=5456
#
# JRE version:  (19.0.2+7) (build )
# Java VM: Java HotSpot(TM) 64-Bit Server VM (19.0.2+7-44, mixed mode, sharing, tiered, compressed oops, compressed class ptrs, g1 gc, windows-amd64)
# No core dump will be written. Minidumps are not enabled by default on client versions of Windows
#

---------------  S U M M A R Y ------------

Command Line: -Dfile.encoding=UTF-8 --module-path=D:\Documents\NetBeansProjects\finalExam\build\classes posFinals

Host: 11th Gen Intel(R) Core(TM) i5-11400 @ 2.60GHz, 12 cores, 7G,  Windows 10 , 64 bit Build 19041 (10.0.19041.2913)
Time: Tue May 16 00:42:37 2023 China Standard Time elapsed time: 0.015321 seconds (0d 0h 0m 0s)

---------------  T H R E A D  ---------------

Current thread (0x0000022235138120):  JavaThread "Unknown thread" [_thread_in_vm, id=5456, stack(0x000000327b800000,0x000000327b900000)]

Stack: [0x000000327b800000,0x000000327b900000]
Native frames: (J=compiled Java code, j=interpreted, Vv=VM code, C=native code)
V  [jvm.dll+0x6ee21a]
V  [jvm.dll+0x85765e]
V  [jvm.dll+0x85904e]
V  [jvm.dll+0x859703]
V  [jvm.dll+0x28298f]
V  [jvm.dll+0x6eb009]
V  [jvm.dll+0x6dfbaa]
V  [jvm.dll+0x3573f6]
V  [jvm.dll+0x35ee56]
V  [jvm.dll+0x3b541e]
V  [jvm.dll+0x3b564f]
V  [jvm.dll+0x32c9ea]
V  [jvm.dll+0x32d89e]
V  [jvm.dll+0x821780]
V  [jvm.dll+0x3c2661]
V  [jvm.dll+0x801f51]
V  [jvm.dll+0x44ae8f]
V  [jvm.dll+0x44c811]
C  [jli.dll+0x5287]
C  [ucrtbase.dll+0x21bb2]
C  [KERNEL32.DLL+0x17614]
C  [ntdll.dll+0x526a1]


---------------  P R O C E S S  ---------------

Threads class SMR info:
_java_thread_list=0x00007ffd6006d048, length=0, elements={
}

Java Threads: ( => current thread )

Other Threads:
  0x0000022235198f40 WorkerThread "GC Thread#0" [stack: 0x000000327b900000,0x000000327ba00000] [id=5532]
  0x00000222351ab690 ConcurrentGCThread "G1 Main Marker" [stack: 0x000000327ba00000,0x000000327bb00000] [id=6620]
  0x00000222351abfd0 WorkerThread "G1 Conc#0" [stack: 0x000000327bb00000,0x000000327bc00000] [id=1508]

[error occurred during error reporting (printing all threads), id 0xc0000005, EXCEPTION_ACCESS_VIOLATION (0xc0000005) at pc=0x00007ffd5f82d427]

VM state: not at safepoint (not fully initialized)

VM Mutex/Monitor currently owned by a thread:  ([mutex/lock_event])
[0x00000222351323d0] Heap_lock - owner thread: 0x0000022235138120

Heap address: 0x0000000083a00000, size: 1990 MB, Compressed Oops mode: 32-bit

CDS archive(s) mapped at: [0x0000000000000000-0x0000000000000000-0x0000000000000000), size 0, SharedBaseAddress: 0x0000000800000000, ArchiveRelocationMode: 0.
Narrow klass base: 0x0000000000000000, Narrow klass shift: 0, Narrow klass range: 0x0

GC Precious Log:
 CardTable entry size: 512
 Card Set container configuration: InlinePtr #cards 5 size 8 Array Of Cards #cards 12 size 40 Howl #buckets 4 coarsen threshold 1843 Howl Bitmap #cards 512 size 80 coarsen threshold 460 Card regions per heap region 1 cards per card region 2048

Heap:
 garbage-first heap   total 0K, used 0K [0x0000000083a00000, 0x0000000100000000)
  region size 1024K, 0 young (0K), 0 survivors (0K)

[error occurred during error reporting (printing heap information), id 0xc0000005, EXCEPTION_ACCESS_VIOLATION (0xc0000005) at pc=0x00007ffd5fc36649]

GC Heap History (0 events):
No events

Dll operation events (1 events):
Event: 0.006 Loaded shared library C:\Program Files\Java\jdk-19\bin\java.dll

Deoptimization events (0 events):
No events

Classes loaded (0 events):
No events

Classes unloaded (0 events):
No events

Classes redefined (0 events):
No events

Internal exceptions (0 events):
No events

VM Operations (0 events):
No events

Events (0 events):
No events


Dynamic libraries:
0x00007ff75c1f0000 - 0x00007ff75c200000 	C:\Program Files\Java\jdk-19\bin\java.exe
0x00007ffd9de50000 - 0x00007ffd9e048000 	C:\Windows\SYSTEM32\ntdll.dll
0x00007ffd9c5e0000 - 0x00007ffd9c69f000 	C:\Windows\System32\KERNEL32.DLL
0x00007ffd9ba30000 - 0x00007ffd9bd26000 	C:\Windows\System32\KERNELBASE.dll
0x00007ffd9b580000 - 0x00007ffd9b680000 	C:\Windows\System32\ucrtbase.dll
0x00007ffd81330000 - 0x00007ffd81348000 	C:\Program Files\Java\jdk-19\bin\jli.dll
0x00007ffd964f0000 - 0x00007ffd9650b000 	C:\Program Files\Java\jdk-19\bin\VCRUNTIME140.dll
0x00007ffd9d610000 - 0x00007ffd9d6bf000 	C:\Windows\System32\ADVAPI32.dll
0x00007ffd9c300000 - 0x00007ffd9c39e000 	C:\Windows\System32\msvcrt.dll
0x00007ffd9d040000 - 0x00007ffd9d0dc000 	C:\Windows\System32\sechost.dll
0x00007ffd9c3e0000 - 0x00007ffd9c506000 	C:\Windows\System32\RPCRT4.dll
0x00007ffd9d0e0000 - 0x00007ffd9d27d000 	C:\Windows\System32\USER32.dll
0x00007ffd9bdd0000 - 0x00007ffd9bdf2000 	C:\Windows\System32\win32u.dll
0x00007ffd85600000 - 0x00007ffd8589a000 	C:\Windows\WinSxS\amd64_microsoft.windows.common-controls_6595b64144ccf1df_6.0.19041.1110_none_60b5254171f9507e\COMCTL32.dll
0x00007ffd9c3b0000 - 0x00007ffd9c3dc000 	C:\Windows\System32\GDI32.dll
0x00007ffd9b7b0000 - 0x00007ffd9b8c5000 	C:\Windows\System32\gdi32full.dll
0x00007ffd9bd30000 - 0x00007ffd9bdcd000 	C:\Windows\System32\msvcp_win.dll
0x00007ffd95310000 - 0x00007ffd9531a000 	C:\Windows\SYSTEM32\VERSION.dll
0x00007ffd9dde0000 - 0x00007ffd9de10000 	C:\Windows\System32\IMM32.DLL
0x00007ffd96c40000 - 0x00007ffd96c4c000 	C:\Program Files\Java\jdk-19\bin\vcruntime140_1.dll
0x00007ffd7a970000 - 0x00007ffd7a9fe000 	C:\Program Files\Java\jdk-19\bin\msvcp140.dll
0x00007ffd5f4f0000 - 0x00007ffd601b0000 	C:\Program Files\Java\jdk-19\bin\server\jvm.dll
0x00007ffd866c0000 - 0x00007ffd866c9000 	C:\Windows\SYSTEM32\WSOCK32.dll
0x00007ffd89280000 - 0x00007ffd892a7000 	C:\Windows\SYSTEM32\WINMM.dll
0x00007ffd9cfc0000 - 0x00007ffd9d02b000 	C:\Windows\System32\WS2_32.dll
0x00007ffd99dd0000 - 0x00007ffd99de2000 	C:\Windows\SYSTEM32\kernel.appcore.dll
0x00007ffd96b50000 - 0x00007ffd96b5a000 	C:\Program Files\Java\jdk-19\bin\jimage.dll
0x00007ffd99120000 - 0x00007ffd99304000 	C:\Windows\SYSTEM32\DBGHELP.DLL
0x00007ffd89570000 - 0x00007ffd895a4000 	C:\Windows\SYSTEM32\dbgcore.DLL
0x00007ffd9b680000 - 0x00007ffd9b702000 	C:\Windows\System32\bcryptPrimitives.dll
0x00007ffd85f30000 - 0x00007ffd85f56000 	C:\Program Files\Java\jdk-19\bin\java.dll

dbghelp: loaded successfully - version: 4.0.5 - missing functions: none
symbol engine: initialized successfully - sym options: 0x614 - pdb path: .;C:\Program Files\Java\jdk-19\bin;C:\Windows\SYSTEM32;C:\Windows\WinSxS\amd64_microsoft.windows.common-controls_6595b64144ccf1df_6.0.19041.1110_none_60b5254171f9507e;C:\Program Files\Java\jdk-19\bin\server

VM Arguments:
jvm_args: -Dfile.encoding=UTF-8 --module-path=D:\Documents\NetBeansProjects\finalExam\build\classes 
java_command: posFinals
java_class_path (initial): D:\Documents\NetBeansProjects\finalExam\build\classes
Launcher Type: SUN_STANDARD

[Global flags]
     intx CICompilerCount                          = 4                                         {product} {ergonomic}
     uint ConcGCThreads                            = 3                                         {product} {ergonomic}
     uint G1ConcRefinementThreads                  = 10                                        {product} {ergonomic}
   size_t G1HeapRegionSize                         = 1048576                                   {product} {ergonomic}
    uintx GCDrainStackTargetSize                   = 64                                        {product} {ergonomic}
   size_t InitialHeapSize                          = 132120576                                 {product} {ergonomic}
   size_t MarkStackSize                            = 4194304                                   {product} {ergonomic}
   size_t MaxHeapSize                              = 2086666240                                {product} {ergonomic}
   size_t MinHeapDeltaBytes                        = 1048576                                   {product} {ergonomic}
   size_t MinHeapSize                              = 8388608                                   {product} {ergonomic}
    uintx NonNMethodCodeHeapSize                   = 5839372                                {pd product} {ergonomic}
    uintx NonProfiledCodeHeapSize                  = 122909434                              {pd product} {ergonomic}
    uintx ProfiledCodeHeapSize                     = 122909434                              {pd product} {ergonomic}
    uintx ReservedCodeCacheSize                    = 251658240                              {pd product} {ergonomic}
     bool SegmentedCodeCache                       = true                                      {product} {ergonomic}
   size_t SoftMaxHeapSize                          = 2086666240                             {manageable} {ergonomic}
     bool UseCompressedClassPointers               = true                           {product lp64_product} {ergonomic}
     bool UseCompressedOops                        = true                           {product lp64_product} {ergonomic}
     bool UseG1GC                                  = true                                      {product} {ergonomic}
     bool UseLargePagesIndividualAllocation        = false                                  {pd product} {ergonomic}

Logging:
Log output configuration:
 #0: stdout all=warning uptime,level,tags foldmultilines=false
 #1: stderr all=off uptime,level,tags foldmultilines=false

Environment Variables:
CLASSPATH=.;C:\Program Files (x86)\QuickTime\QTSystem\QTJava.zip
PATH=C:\Program Files\Common Files\Oracle\Java\javapath;C:\Windows\system32;C:\Windows;C:\Windows\System32\Wbem;C:\Windows\System32\WindowsPowerShell\v1.0\;C:\Windows\System32\OpenSSH\;C:\Program Files (x86)\QuickTime\QTSystem\;C:\Program Files\dotnet\;C:\Users\Paul Noriel\AppData\Local\Programs\Python\Python310\Scripts\;C:\Users\Paul Noriel\AppData\Local\Programs\Python\Python310\;C:\Users\Paul Noriel\AppData\Local\Microsoft\WindowsApps;
USERNAME=Paul Noriel
OS=Windows_NT
PROCESSOR_IDENTIFIER=Intel64 Family 6 Model 167 Stepping 1, GenuineIntel
TMP=C:\Users\PAULNO~1\AppData\Local\Temp
TEMP=C:\Users\PAULNO~1\AppData\Local\Temp



---------------  S Y S T E M  ---------------

OS:
 Windows 10 , 64 bit Build 19041 (10.0.19041.2913)
OS uptime: 0 days 4:22 hours

CPU: total 12 (initial active 12) (6 cores per cpu, 2 threads per core) family 6 model 167 stepping 1 microcode 0x40, cx8, cmov, fxsr, ht, mmx, 3dnowpref, sse, sse2, sse3, ssse3, sse4.1, sse4.2, popcnt, lzcnt, tsc, tscinvbit, avx, avx2, aes, erms, clmul, bmi1, bmi2, adx, avx512f, avx512dq, avx512cd, avx512bw, avx512vl, sha, fma, vzeroupper, avx512_vpopcntdq, avx512_vpclmulqdq, avx512_vaes, avx512_vnni, clflush, clflushopt, avx512_vbmi2, avx512_vbmi, rdtscp, rdpid, fsrm, gfni, avx512_bitalg

Memory: 4k page, system-wide physical 7957M (560M free)
TotalPageFile size 34581M (AvailPageFile size 30M)
current process WorkingSet (physical memory assigned to process): 10M, peak: 10M
current process commit charge ("private bytes"): 64M, peak: 190M

vm_info: Java HotSpot(TM) 64-Bit Server VM (19.0.2+7-44) for windows-amd64 JRE (19.0.2+7-44), built on 2022-11-30T18:02:09Z by "mach5one" with MS VC++ 17.1 (VS2022)

END.
